{"/Users/reinoptland/Desktop/transformers/index.js": {"path":"/Users/reinoptland/Desktop/transformers/index.js","statementMap":{"0":{"start":{"line":3,"column":4},"end":{"line":3,"column":13}},"1":{"start":{"line":6,"column":0},"end":{"line":6,"column":52}}},"fnMap":{"0":{"name":"getUserNamesByIds","decl":{"start":{"line":1,"column":9},"end":{"line":1,"column":26}},"loc":{"start":{"line":1,"column":38},"end":{"line":4,"column":1}},"line":1}},"branchMap":{},"s":{"0":1,"1":1},"f":{"0":1},"b":{},"_coverageSchema":"332fd63041d2c1bcb487cc26dd0d5f7d97098a6c","hash":"7d2b107197edbf2930b7652d6058fa40c3c4e5a1"}
}
