{"/Users/reinoptland/Desktop/transformers/index.js": {"path":"/Users/reinoptland/Desktop/transformers/index.js","statementMap":{"0":{"start":{"line":3,"column":4},"end":{"line":3,"column":13}},"1":{"start":{"line":8,"column":4},"end":{"line":8,"column":13}},"2":{"start":{"line":11,"column":0},"end":{"line":11,"column":52}},"3":{"start":{"line":12,"column":0},"end":{"line":12,"column":74}}},"fnMap":{"0":{"name":"getUserNamesByIds","decl":{"start":{"line":1,"column":9},"end":{"line":1,"column":26}},"loc":{"start":{"line":1,"column":38},"end":{"line":4,"column":1}},"line":1},"1":{"name":"getExperiencedUserNamesByIds","decl":{"start":{"line":6,"column":9},"end":{"line":6,"column":37}},"loc":{"start":{"line":6,"column":63},"end":{"line":9,"column":1}},"line":6}},"branchMap":{},"s":{"0":1,"1":1,"2":1,"3":1},"f":{"0":1,"1":1},"b":{},"_coverageSchema":"332fd63041d2c1bcb487cc26dd0d5f7d97098a6c","hash":"8f96c525188c1fae304109bb7b6cd0f086783c4b"}
}
